<?xml version="1.0" encoding="UTF-8"?>
<!-- Generated by org.testng.reporters.JUnitReportReporter -->
<testsuite skipped="0" hostname="EN911187" name="test.Authentication" tests="5" failures="0" timestamp="2021-09-03T00:11:34 COT" time="1.664" errors="0">
  <testcase name="createSessionWithLogin" time="0.311" classname="test.Authentication"/>
  <system-out/>
  <testcase name="createSession" time="0.490" classname="test.Authentication"/>
  <system-out/>
  <testcase name="deletedSession" time="0.545" classname="test.Authentication"/>
  <system-out/>
  <testcase name="createRequestToken" time="0.158" classname="test.Authentication"/>
  <system-out/>
  <testcase name="createGuestSession" time="0.160" classname="test.Authentication"/>
  <system-out/>
</testsuite> <!-- test.Authentication -->
