<?xml version="1.0" encoding="UTF-8"?>
<!-- Generated by org.testng.reporters.JUnitReportReporter -->
<testsuite skipped="0" hostname="EN911187" name="test.Authentication" tests="5" failures="0" timestamp="2021-09-02T23:52:46 COT" time="1.686" errors="0">
  <testcase name="deletedSession" time="0.560" classname="test.Authentication"/>
  <system-out/>
  <testcase name="createSessionWithLogin" time="0.318" classname="test.Authentication"/>
  <system-out/>
  <testcase name="createSession" time="0.446" classname="test.Authentication"/>
  <system-out/>
  <testcase name="createGuestSession" time="0.198" classname="test.Authentication"/>
  <system-out/>
  <testcase name="createRequestToken" time="0.164" classname="test.Authentication"/>
  <system-out/>
</testsuite> <!-- test.Authentication -->
